Log Entry : 2015年01月04日 19:52:20
方法:System.Web.Mvc.ViewEngineResult FindView(System.Web.Mvc.ControllerContext),异常信息:未找到视图“index”或其母版视图，或没有视图引擎支持搜索的位置。搜索了以下位置: 
~/mobile/themes/default/views/home/index.cshtml
~/mobile/themes/default/views/shared/index.cshtml
------------------------------------
Log Entry : 2015年01月04日 20:03:22
方法:System.CodeDom.Compiler.CompilerResults Compile(),异常信息:c:\Windows\Microsoft.NET\Framework\v4.0.30319\Temporary ASP.NET Files\root\102b58fa\6452c56\App_Web_index.cshtml.d19569d1.wcvspwq_.0.cs(33): error CS0234: 命名空间“BrnShop.Web.Mobile”中不存在类型或命名空间名称“Models”(是否缺少程序集引用?)
------------------------------------
Log Entry : 2015年01月04日 21:36:21
方法:System.CodeDom.Compiler.CompilerResults Compile(),异常信息:c:\Users\ZhangMeng\Desktop\工作\BrnShop\Presentation\BrnShop.Web\mobile\themes\default\views\catalog\category.cshtml(93): error CS0246: 未能找到类型或命名空间名称“StoreProductInfo”(是否缺少 using 指令或程序集引用?)
------------------------------------
Log Entry : 2015年01月04日 21:41:08
方法:System.CodeDom.Compiler.CompilerResults Compile(),异常信息:c:\Users\ZhangMeng\Desktop\工作\BrnShop\Presentation\BrnShop.Web\mobile\themes\default\views\catalog\product.cshtml(217): error CS1061: “BrnShop.Core.PartProductInfo”不包含“StoreId”的定义，并且找不到可接受类型为“BrnShop.Core.PartProductInfo”的第一个参数的扩展方法“StoreId”(是否缺少 using 指令或程序集引用?)
------------------------------------
Log Entry : 2015年01月04日 22:04:11
方法:System.CodeDom.Compiler.CompilerResults Compile(),异常信息:c:\Users\ZhangMeng\Desktop\工作\BrnShop\Presentation\BrnShop.Web\mobile\themes\default\views\cart\index.cshtml(87): error CS1061: “BrnShop.Core.OrderProductInfo”不包含“StoreId”的定义，并且找不到可接受类型为“BrnShop.Core.OrderProductInfo”的第一个参数的扩展方法“StoreId”(是否缺少 using 指令或程序集引用?)
------------------------------------
Log Entry : 2015年01月04日 22:25:05
方法:System.CodeDom.Compiler.CompilerResults Compile(),异常信息:c:\Users\ZhangMeng\Desktop\工作\BrnShop\Presentation\BrnShop.Web\mobile\themes\default\views\order\confirmorder.cshtml(80): error CS1061: “BrnShop.Web.Mobile.Models.ConfirmOrderModel”不包含“AllProductAmount”的定义，并且找不到可接受类型为“BrnShop.Web.Mobile.Models.ConfirmOrderModel”的第一个参数的扩展方法“AllProductAmount”(是否缺少 using 指令或程序集引用?)
------------------------------------
Log Entry : 2015年01月04日 23:00:53
方法:System.Web.Mvc.ActionResult SubmitOrder(),异常信息:未将对象引用设置到对象的实例。
------------------------------------
Log Entry : 2015年01月04日 23:00:57
方法:System.Web.Mvc.ActionResult SubmitOrder(),异常信息:未将对象引用设置到对象的实例。
------------------------------------
Log Entry : 2015年01月04日 23:03:22
方法:System.Web.Mvc.ActionResult SubmitOrder(),异常信息:未将对象引用设置到对象的实例。
------------------------------------
Log Entry : 2015年01月04日 23:03:24
方法:System.Web.Mvc.ActionResult SubmitOrder(),异常信息:未将对象引用设置到对象的实例。
------------------------------------
Log Entry : 2015年01月04日 23:03:40
方法:System.Web.Mvc.ActionResult SubmitOrder(),异常信息:未将对象引用设置到对象的实例。
------------------------------------
Log Entry : 2015年01月04日 23:06:07
方法:System.Web.Mvc.ActionResult SubmitOrder(),异常信息:未将对象引用设置到对象的实例。
------------------------------------
Log Entry : 2015年01月04日 23:24:16
方法:System.CodeDom.Compiler.CompilerResults Compile(),异常信息:c:\Windows\Microsoft.NET\Framework\v4.0.30319\Temporary ASP.NET Files\root\102b58fa\6452c56\App_Web_submitresult.cshtml.3b6a4c5e.wgpppcxq.0.cs(36): error CS0246: 未能找到类型或命名空间名称“BrnMall”(是否缺少 using 指令或程序集引用?)
------------------------------------
